<?xml version="1.0" encoding="UTF-8"?>
<testng-results skipped="0" failed="0" ignored="0" total="3" passed="3">
  <reporter-output>
    <line>
      <![CDATA[testA]]>
    </line>
    <line>
      <![CDATA[testB]]>
    </line>
    <line>
      <![CDATA[testC]]>
    </line>
  </reporter-output>
  <suite name="Default Suite" duration-ms="41" started-at="2021-10-13T02:57:01Z" finished-at="2021-10-13T02:57:01Z">
    <groups>
    </groups>
    <test name="actiTime" duration-ms="41" started-at="2021-10-13T02:57:01Z" finished-at="2021-10-13T02:57:01Z">
      <class name="script.Demo3">
        <test-method status="PASS" signature="testC()[pri:0, instance:script.Demo3@6df97b55]" name="testC" duration-ms="1" started-at="2021-10-13T02:57:01Z" finished-at="2021-10-13T02:57:01Z">
          <reporter-output>
            <line>
              <![CDATA[testC]]>
            </line>
          </reporter-output>
        </test-method> <!-- testC -->
      </class> <!-- script.Demo3 -->
      <class name="script.Demo2">
        <test-method status="PASS" signature="testB()[pri:0, instance:script.Demo2@366e2eef]" name="testB" duration-ms="1" started-at="2021-10-13T02:57:01Z" finished-at="2021-10-13T02:57:01Z">
          <reporter-output>
            <line>
              <![CDATA[testB]]>
            </line>
          </reporter-output>
        </test-method> <!-- testB -->
      </class> <!-- script.Demo2 -->
      <class name="script.Demo1">
        <test-method status="PASS" signature="testA()[pri:0, instance:script.Demo1@34b7bfc0]" name="testA" duration-ms="8" started-at="2021-10-13T02:57:01Z" finished-at="2021-10-13T02:57:01Z">
          <reporter-output>
            <line>
              <![CDATA[testA]]>
            </line>
          </reporter-output>
        </test-method> <!-- testA -->
      </class> <!-- script.Demo1 -->
    </test> <!-- actiTime -->
  </suite> <!-- Default Suite -->
</testng-results>
